<?xml version="1.0" encoding="UTF-8"?>
<!-- Generated by org.testng.reporters.JUnitXMLReporter -->
<testsuite ignored="0" hostname="DESKTOP-S2MRPTD" failures="0" tests="4" name="Default test" time="4.985" errors="0" timestamp="2022-10-31T20:12:57 AST">
  <testcase classname="Tests.TestCRUD" name="deleteRequest" time="2.742"/>
  <testcase classname="Tests.TestCRUD" name="getRequest" time="0.616"/>
  <testcase classname="Tests.TestCRUD" name="postRequest" time="0.892"/>
  <testcase classname="Tests.TestCRUD" name="putRequest" time="0.569"/>
</testsuite> <!-- Default test -->
