<?xml version="1.0" encoding="UTF-8"?>
<testng-results ignored="0" total="4" passed="4" failed="0" skipped="0">
  <reporter-output>
  </reporter-output>
  <suite started-at="2022-10-31T20:12:52 AST" name="Default suite" finished-at="2022-10-31T20:12:57 AST" duration-ms="4985">
    <groups>
    </groups>
    <test started-at="2022-10-31T20:12:52 AST" name="Default test" finished-at="2022-10-31T20:12:57 AST" duration-ms="4985">
      <class name="Tests.TestCRUD">
        <test-method signature="deleteRequest()[pri:0, instance:Tests.TestCRUD@130161f7]" started-at="2022-10-31T20:12:52 AST" name="deleteRequest" finished-at="2022-10-31T20:12:55 AST" duration-ms="2742" status="PASS">
          <reporter-output>
          </reporter-output>
        </test-method> <!-- deleteRequest -->
        <test-method signature="getRequest()[pri:0, instance:Tests.TestCRUD@130161f7]" started-at="2022-10-31T20:12:55 AST" name="getRequest" finished-at="2022-10-31T20:12:55 AST" duration-ms="616" status="PASS">
          <reporter-output>
          </reporter-output>
        </test-method> <!-- getRequest -->
        <test-method signature="postRequest()[pri:0, instance:Tests.TestCRUD@130161f7]" started-at="2022-10-31T20:12:55 AST" name="postRequest" finished-at="2022-10-31T20:12:56 AST" duration-ms="892" status="PASS">
          <reporter-output>
          </reporter-output>
        </test-method> <!-- postRequest -->
        <test-method signature="putRequest()[pri:0, instance:Tests.TestCRUD@130161f7]" started-at="2022-10-31T20:12:56 AST" name="putRequest" finished-at="2022-10-31T20:12:57 AST" duration-ms="569" status="PASS">
          <reporter-output>
          </reporter-output>
        </test-method> <!-- putRequest -->
      </class> <!-- Tests.TestCRUD -->
    </test> <!-- Default test -->
  </suite> <!-- Default suite -->
</testng-results>
